<?xml version="1.0" encoding="UTF-8"?>
<!-- Generated by org.testng.reporters.JUnitReportReporter -->
<testsuite hostname="CDC2-D-4BJ2N62" name="Selenium.Week1.Test1" tests="1" failures="0" timestamp="11 Jul 2019 08:45:45 GMT" time="0.018" errors="0">
  <testcase name="f" time="0.018" classname="Selenium.Week1.Test1"/>
</testsuite> <!-- Selenium.Week1.Test1 -->
